{"contracts/DepositManager.sol":{"l":{"54":39,"58":2,"59":2,"60":2,"61":1,"65":1,"70":1,"73":1,"74":1,"75":1,"85":1,"93":104,"105":1,"106":1,"128":13,"129":13,"130":13,"147":3,"148":3,"149":2,"169":101,"170":101,"173":101,"182":4,"188":5,"189":5,"196":1,"203":16,"204":16,"211":42,"218":3,"229":107,"233":105,"244":36,"245":35},"path":"/home/xlassix/Desktop/frontend/contracts/contracts/DepositManager.sol","s":{"1":39,"2":2,"3":2,"4":2,"5":1,"6":1,"7":1,"8":1,"9":1,"10":1,"11":1,"12":104,"13":1,"14":1,"15":13,"16":13,"17":13,"18":3,"19":3,"20":2,"21":101,"22":101,"23":101,"24":4,"25":5,"26":5,"27":1,"28":16,"29":16,"30":42,"31":3,"32":107,"33":36},"b":{"1":[1,1],"2":[1,0],"3":[1,0],"4":[13,0],"5":[13,0],"6":[3,0],"7":[2,1],"8":[105,2],"9":[35,1]},"f":{"1":39,"2":2,"3":1,"4":104,"5":1,"6":13,"7":3,"8":101,"9":4,"10":5,"11":1,"12":16,"13":42,"14":3,"15":107,"16":36},"fnMap":{"1":{"name":"constructor","line":53,"loc":{"start":{"line":53,"column":4},"end":{"line":55,"column":4}}},"2":{"name":"addDeposit","line":57,"loc":{"start":{"line":57,"column":4},"end":{"line":82,"column":4}}},"3":{"name":"changeCostOfStorage","line":84,"loc":{"start":{"line":84,"column":4},"end":{"line":86,"column":4}}},"4":{"name":"getAvailableSpace","line":88,"loc":{"start":{"line":88,"column":4},"end":{"line":94,"column":4}}},"5":{"name":"transferAmount","line":104,"loc":{"start":{"line":100,"column":4},"end":{"line":107,"column":4}}},"6":{"name":"addCoin","line":127,"loc":{"start":{"line":127,"column":4},"end":{"line":131,"column":4}}},"7":{"name":"removeCoin","line":146,"loc":{"start":{"line":146,"column":4},"end":{"line":150,"column":4}}},"8":{"name":"updateStorage","line":168,"loc":{"start":{"line":164,"column":4},"end":{"line":176,"column":4}}},"9":{"name":"updateAvailableStorage","line":180,"loc":{"start":{"line":178,"column":4},"end":{"line":183,"column":4}}},"10":{"name":"_updateAvailableStorage","line":185,"loc":{"start":{"line":185,"column":4},"end":{"line":192,"column":4}}},"11":{"name":"changeOwner","line":195,"loc":{"start":{"line":195,"column":4},"end":{"line":197,"column":4}}},"12":{"name":"setWhiteListAddr","line":201,"loc":{"start":{"line":199,"column":4},"end":{"line":205,"column":4}}},"13":{"name":"owner","line":210,"loc":{"start":{"line":210,"column":4},"end":{"line":212,"column":4}}},"14":{"name":"costOfStorage","line":217,"loc":{"start":{"line":217,"column":4},"end":{"line":219,"column":4}}},"15":{"name":"ManagerorOwner","line":228,"loc":{"start":{"line":228,"column":4},"end":{"line":234,"column":4}}},"16":{"name":"onlyOwner","line":243,"loc":{"start":{"line":243,"column":4},"end":{"line":246,"column":4}}}},"statementMap":{"1":{"start":{"line":54,"column":8},"end":{"line":54,"column":26}},"2":{"start":{"line":58,"column":8},"end":{"line":58,"column":35}},"3":{"start":{"line":59,"column":8},"end":{"line":59,"column":66}},"4":{"start":{"line":60,"column":8},"end":{"line":60,"column":74}},"5":{"start":{"line":61,"column":8},"end":{"line":61,"column":1776}},"6":{"start":{"line":65,"column":8},"end":{"line":65,"column":1920}},"7":{"start":{"line":70,"column":8},"end":{"line":70,"column":2090}},"8":{"start":{"line":73,"column":8},"end":{"line":73,"column":60}},"9":{"start":{"line":74,"column":8},"end":{"line":74,"column":72}},"10":{"start":{"line":75,"column":8},"end":{"line":75,"column":2344}},"11":{"start":{"line":85,"column":8},"end":{"line":85,"column":31}},"12":{"start":{"line":93,"column":8},"end":{"line":93,"column":53}},"13":{"start":{"line":105,"column":8},"end":{"line":105,"column":71}},"14":{"start":{"line":106,"column":8},"end":{"line":106,"column":52}},"15":{"start":{"line":128,"column":8},"end":{"line":128,"column":67}},"16":{"start":{"line":129,"column":8},"end":{"line":129,"column":47}},"17":{"start":{"line":130,"column":8},"end":{"line":130,"column":42}},"18":{"start":{"line":147,"column":8},"end":{"line":147,"column":67}},"19":{"start":{"line":148,"column":8},"end":{"line":148,"column":74}},"20":{"start":{"line":149,"column":8},"end":{"line":149,"column":39}},"21":{"start":{"line":169,"column":8},"end":{"line":169,"column":49}},"22":{"start":{"line":170,"column":8},"end":{"line":170,"column":4711}},"23":{"start":{"line":173,"column":8},"end":{"line":173,"column":4838}},"24":{"start":{"line":182,"column":8},"end":{"line":182,"column":50}},"25":{"start":{"line":188,"column":8},"end":{"line":188,"column":58}},"26":{"start":{"line":189,"column":8},"end":{"line":189,"column":5297}},"27":{"start":{"line":196,"column":8},"end":{"line":196,"column":25}},"28":{"start":{"line":203,"column":8},"end":{"line":203,"column":42}},"29":{"start":{"line":204,"column":8},"end":{"line":204,"column":56}},"30":{"start":{"line":211,"column":8},"end":{"line":211,"column":21}},"31":{"start":{"line":218,"column":8},"end":{"line":218,"column":29}},"32":{"start":{"line":229,"column":8},"end":{"line":229,"column":6288}},"33":{"start":{"line":244,"column":8},"end":{"line":244,"column":73}}},"branchMap":{"1":{"line":60,"type":"if","locations":[{"start":{"line":60,"column":8},"end":{"line":60,"column":8}},{"start":{"line":60,"column":8},"end":{"line":60,"column":8}}]},"2":{"line":61,"type":"if","locations":[{"start":{"line":61,"column":8},"end":{"line":61,"column":8}},{"start":{"line":61,"column":8},"end":{"line":61,"column":8}}]},"3":{"line":105,"type":"if","locations":[{"start":{"line":105,"column":8},"end":{"line":105,"column":8}},{"start":{"line":105,"column":8},"end":{"line":105,"column":8}}]},"4":{"line":128,"type":"if","locations":[{"start":{"line":128,"column":8},"end":{"line":128,"column":8}},{"start":{"line":128,"column":8},"end":{"line":128,"column":8}}]},"5":{"line":129,"type":"if","locations":[{"start":{"line":129,"column":8},"end":{"line":129,"column":8}},{"start":{"line":129,"column":8},"end":{"line":129,"column":8}}]},"6":{"line":147,"type":"if","locations":[{"start":{"line":147,"column":8},"end":{"line":147,"column":8}},{"start":{"line":147,"column":8},"end":{"line":147,"column":8}}]},"7":{"line":148,"type":"if","locations":[{"start":{"line":148,"column":8},"end":{"line":148,"column":8}},{"start":{"line":148,"column":8},"end":{"line":148,"column":8}}]},"8":{"line":229,"type":"if","locations":[{"start":{"line":229,"column":8},"end":{"line":229,"column":8}},{"start":{"line":229,"column":8},"end":{"line":229,"column":8}}]},"9":{"line":244,"type":"if","locations":[{"start":{"line":244,"column":8},"end":{"line":244,"column":8}},{"start":{"line":244,"column":8},"end":{"line":244,"column":8}}]}}},"contracts/IDepositManager.sol":{"l":{},"path":"/home/xlassix/Desktop/frontend/contracts/contracts/IDepositManager.sol","s":{},"b":{},"f":{},"fnMap":{},"statementMap":{},"branchMap":{}},"contracts/Lighthouse.sol":{"l":{"14":39,"64":1,"65":1,"66":1,"80":1,"81":1,"82":1,"83":1,"84":100,"88":100,"94":0,"95":0,"99":1,"106":1,"107":0,"118":0,"127":0},"path":"/home/xlassix/Desktop/frontend/contracts/contracts/Lighthouse.sol","s":{"1":39,"2":1,"3":1,"4":1,"5":1,"6":1,"7":1,"8":1,"9":100,"10":100,"11":0,"12":0,"13":1,"14":1,"15":0,"16":0,"17":0},"b":{"1":[100,0],"2":[0,1]},"f":{"1":39,"2":1,"3":1,"4":0,"5":0,"6":0},"fnMap":{"1":{"name":"constructor","line":13,"loc":{"start":{"line":13,"column":4},"end":{"line":15,"column":4}}},"2":{"name":"store","line":58,"loc":{"start":{"line":58,"column":4},"end":{"line":75,"column":4}}},"3":{"name":"bundleStore","line":79,"loc":{"start":{"line":79,"column":4},"end":{"line":115,"column":4}}},"4":{"name":"requestStorageStatus","line":117,"loc":{"start":{"line":117,"column":4},"end":{"line":119,"column":4}}},"5":{"name":"publishStorageStatus","line":125,"loc":{"start":{"line":121,"column":4},"end":{"line":128,"column":4}}},"6":{"name":null,"line":130,"loc":{"start":{"line":130,"column":4},"end":{"line":130,"column":33}}}},"statementMap":{"1":{"start":{"line":14,"column":8},"end":{"line":14,"column":42}},"2":{"start":{"line":64,"column":8},"end":{"line":64,"column":45}},"3":{"start":{"line":65,"column":8},"end":{"line":65,"column":55}},"4":{"start":{"line":66,"column":8},"end":{"line":66,"column":1721}},"5":{"start":{"line":80,"column":8},"end":{"line":80,"column":25}},"6":{"start":{"line":81,"column":8},"end":{"line":81,"column":70}},"7":{"start":{"line":82,"column":8},"end":{"line":82,"column":31}},"8":{"start":{"line":83,"column":8},"end":{"line":83,"column":2300}},"9":{"start":{"line":84,"column":12},"end":{"line":84,"column":2365}},"10":{"start":{"line":88,"column":16},"end":{"line":88,"column":2510}},"11":{"start":{"line":94,"column":16},"end":{"line":94,"column":54}},"12":{"start":{"line":95,"column":16},"end":{"line":95,"column":31}},"13":{"start":{"line":99,"column":8},"end":{"line":99,"column":2822}},"14":{"start":{"line":106,"column":8},"end":{"line":106,"column":3005}},"15":{"start":{"line":107,"column":12},"end":{"line":107,"column":3047}},"16":{"start":{"line":118,"column":8},"end":{"line":118,"column":50}},"17":{"start":{"line":127,"column":8},"end":{"line":127,"column":46}}},"branchMap":{"1":{"line":84,"type":"if","locations":[{"start":{"line":84,"column":12},"end":{"line":84,"column":12}},{"start":{"line":84,"column":12},"end":{"line":84,"column":12}}]},"2":{"line":106,"type":"if","locations":[{"start":{"line":106,"column":8},"end":{"line":106,"column":8}},{"start":{"line":106,"column":8},"end":{"line":106,"column":8}}]}}}}