{"contracts/DepositManager.sol":{"l":{"57":36,"58":36,"66":2,"67":2,"68":2,"69":1,"73":1,"78":1,"81":1,"82":1,"83":1,"93":1,"101":108,"113":1,"114":1,"136":12,"137":12,"138":12,"155":3,"156":3,"157":2,"177":105,"178":105,"181":105,"190":4,"196":5,"197":5,"206":15,"207":15,"214":3,"225":111,"229":109},"path":"/home/xlassix/Desktop/frontend/contracts/contracts/DepositManager.sol","s":{"1":36,"2":36,"3":2,"4":2,"5":2,"6":1,"7":1,"8":1,"9":1,"10":1,"11":1,"12":1,"13":108,"14":1,"15":1,"16":12,"17":12,"18":12,"19":3,"20":3,"21":2,"22":105,"23":105,"24":105,"25":4,"26":5,"27":5,"28":15,"29":15,"30":3,"31":111},"b":{"1":[1,1],"2":[1,0],"3":[1,0],"4":[12,0],"5":[12,0],"6":[3,0],"7":[2,1],"8":[109,2]},"f":{"1":36,"2":0,"3":2,"4":1,"5":108,"6":1,"7":12,"8":3,"9":105,"10":4,"11":5,"12":15,"13":3,"14":111},"fnMap":{"1":{"name":"initialize","line":56,"loc":{"start":{"line":56,"column":4},"end":{"line":59,"column":4}}},"2":{"name":"_authorizeUpgrade","line":61,"loc":{"start":{"line":61,"column":4},"end":{"line":62,"column":4}}},"3":{"name":"addDeposit","line":65,"loc":{"start":{"line":65,"column":4},"end":{"line":90,"column":4}}},"4":{"name":"changeCostOfStorage","line":92,"loc":{"start":{"line":92,"column":4},"end":{"line":94,"column":4}}},"5":{"name":"getAvailableSpace","line":96,"loc":{"start":{"line":96,"column":4},"end":{"line":102,"column":4}}},"6":{"name":"transferAmount","line":112,"loc":{"start":{"line":108,"column":4},"end":{"line":115,"column":4}}},"7":{"name":"addCoin","line":135,"loc":{"start":{"line":135,"column":4},"end":{"line":139,"column":4}}},"8":{"name":"removeCoin","line":154,"loc":{"start":{"line":154,"column":4},"end":{"line":158,"column":4}}},"9":{"name":"updateStorage","line":176,"loc":{"start":{"line":172,"column":4},"end":{"line":184,"column":4}}},"10":{"name":"updateAvailableStorage","line":188,"loc":{"start":{"line":186,"column":4},"end":{"line":191,"column":4}}},"11":{"name":"_updateAvailableStorage","line":193,"loc":{"start":{"line":193,"column":4},"end":{"line":200,"column":4}}},"12":{"name":"setWhiteListAddr","line":204,"loc":{"start":{"line":202,"column":4},"end":{"line":208,"column":4}}},"13":{"name":"costOfStorage","line":213,"loc":{"start":{"line":213,"column":4},"end":{"line":215,"column":4}}},"14":{"name":"ManagerorOwner","line":224,"loc":{"start":{"line":224,"column":4},"end":{"line":230,"column":4}}}},"statementMap":{"1":{"start":{"line":57,"column":8},"end":{"line":57,"column":23}},"2":{"start":{"line":58,"column":8},"end":{"line":58,"column":33}},"3":{"start":{"line":66,"column":8},"end":{"line":66,"column":35}},"4":{"start":{"line":67,"column":8},"end":{"line":67,"column":66}},"5":{"start":{"line":68,"column":8},"end":{"line":68,"column":74}},"6":{"start":{"line":69,"column":8},"end":{"line":69,"column":2168}},"7":{"start":{"line":73,"column":8},"end":{"line":73,"column":2312}},"8":{"start":{"line":78,"column":8},"end":{"line":78,"column":2482}},"9":{"start":{"line":81,"column":8},"end":{"line":81,"column":60}},"10":{"start":{"line":82,"column":8},"end":{"line":82,"column":72}},"11":{"start":{"line":83,"column":8},"end":{"line":83,"column":2736}},"12":{"start":{"line":93,"column":8},"end":{"line":93,"column":31}},"13":{"start":{"line":101,"column":8},"end":{"line":101,"column":53}},"14":{"start":{"line":113,"column":8},"end":{"line":113,"column":71}},"15":{"start":{"line":114,"column":8},"end":{"line":114,"column":52}},"16":{"start":{"line":136,"column":8},"end":{"line":136,"column":67}},"17":{"start":{"line":137,"column":8},"end":{"line":137,"column":47}},"18":{"start":{"line":138,"column":8},"end":{"line":138,"column":42}},"19":{"start":{"line":155,"column":8},"end":{"line":155,"column":67}},"20":{"start":{"line":156,"column":8},"end":{"line":156,"column":74}},"21":{"start":{"line":157,"column":8},"end":{"line":157,"column":39}},"22":{"start":{"line":177,"column":8},"end":{"line":177,"column":49}},"23":{"start":{"line":178,"column":8},"end":{"line":178,"column":5103}},"24":{"start":{"line":181,"column":8},"end":{"line":181,"column":5230}},"25":{"start":{"line":190,"column":8},"end":{"line":190,"column":50}},"26":{"start":{"line":196,"column":8},"end":{"line":196,"column":58}},"27":{"start":{"line":197,"column":8},"end":{"line":197,"column":5689}},"28":{"start":{"line":206,"column":8},"end":{"line":206,"column":42}},"29":{"start":{"line":207,"column":8},"end":{"line":207,"column":56}},"30":{"start":{"line":214,"column":8},"end":{"line":214,"column":29}},"31":{"start":{"line":225,"column":8},"end":{"line":225,"column":6374}}},"branchMap":{"1":{"line":68,"type":"if","locations":[{"start":{"line":68,"column":8},"end":{"line":68,"column":8}},{"start":{"line":68,"column":8},"end":{"line":68,"column":8}}]},"2":{"line":69,"type":"if","locations":[{"start":{"line":69,"column":8},"end":{"line":69,"column":8}},{"start":{"line":69,"column":8},"end":{"line":69,"column":8}}]},"3":{"line":113,"type":"if","locations":[{"start":{"line":113,"column":8},"end":{"line":113,"column":8}},{"start":{"line":113,"column":8},"end":{"line":113,"column":8}}]},"4":{"line":136,"type":"if","locations":[{"start":{"line":136,"column":8},"end":{"line":136,"column":8}},{"start":{"line":136,"column":8},"end":{"line":136,"column":8}}]},"5":{"line":137,"type":"if","locations":[{"start":{"line":137,"column":8},"end":{"line":137,"column":8}},{"start":{"line":137,"column":8},"end":{"line":137,"column":8}}]},"6":{"line":155,"type":"if","locations":[{"start":{"line":155,"column":8},"end":{"line":155,"column":8}},{"start":{"line":155,"column":8},"end":{"line":155,"column":8}}]},"7":{"line":156,"type":"if","locations":[{"start":{"line":156,"column":8},"end":{"line":156,"column":8}},{"start":{"line":156,"column":8},"end":{"line":156,"column":8}}]},"8":{"line":225,"type":"if","locations":[{"start":{"line":225,"column":8},"end":{"line":225,"column":8}},{"start":{"line":225,"column":8},"end":{"line":225,"column":8}}]}}},"contracts/IDepositManager.sol":{"l":{},"path":"/home/xlassix/Desktop/frontend/contracts/contracts/IDepositManager.sol","s":{},"b":{},"f":{},"fnMap":{},"statementMap":{},"branchMap":{}},"contracts/Lighthouse.sol":{"l":{"58":36,"59":36,"70":1,"71":1,"72":1,"86":3,"87":3,"88":3,"89":3,"90":104,"94":104,"100":0,"101":0,"105":3,"112":3,"113":0,"124":0,"133":0},"path":"/home/xlassix/Desktop/frontend/contracts/contracts/Lighthouse.sol","s":{"1":36,"2":36,"3":1,"4":1,"5":1,"6":3,"7":3,"8":3,"9":3,"10":104,"11":104,"12":0,"13":0,"14":3,"15":3,"16":0,"17":0,"18":0},"b":{"1":[104,0],"2":[0,3]},"f":{"1":36,"2":0,"3":1,"4":3,"5":0,"6":0,"7":0},"fnMap":{"1":{"name":"initialize","line":57,"loc":{"start":{"line":57,"column":4},"end":{"line":60,"column":4}}},"2":{"name":"_authorizeUpgrade","line":61,"loc":{"start":{"line":61,"column":4},"end":{"line":62,"column":4}}},"3":{"name":"store","line":64,"loc":{"start":{"line":64,"column":4},"end":{"line":81,"column":4}}},"4":{"name":"bundleStore","line":85,"loc":{"start":{"line":85,"column":4},"end":{"line":121,"column":4}}},"5":{"name":"requestStorageStatus","line":123,"loc":{"start":{"line":123,"column":4},"end":{"line":125,"column":4}}},"6":{"name":"publishStorageStatus","line":131,"loc":{"start":{"line":127,"column":4},"end":{"line":134,"column":4}}},"7":{"name":null,"line":136,"loc":{"start":{"line":136,"column":4},"end":{"line":136,"column":33}}}},"statementMap":{"1":{"start":{"line":58,"column":8},"end":{"line":58,"column":23}},"2":{"start":{"line":59,"column":9},"end":{"line":59,"column":43}},"3":{"start":{"line":70,"column":8},"end":{"line":70,"column":45}},"4":{"start":{"line":71,"column":8},"end":{"line":71,"column":55}},"5":{"start":{"line":72,"column":8},"end":{"line":72,"column":1993}},"6":{"start":{"line":86,"column":8},"end":{"line":86,"column":25}},"7":{"start":{"line":87,"column":8},"end":{"line":87,"column":70}},"8":{"start":{"line":88,"column":8},"end":{"line":88,"column":31}},"9":{"start":{"line":89,"column":8},"end":{"line":89,"column":2572}},"10":{"start":{"line":90,"column":12},"end":{"line":90,"column":2637}},"11":{"start":{"line":94,"column":16},"end":{"line":94,"column":2782}},"12":{"start":{"line":100,"column":16},"end":{"line":100,"column":54}},"13":{"start":{"line":101,"column":16},"end":{"line":101,"column":31}},"14":{"start":{"line":105,"column":8},"end":{"line":105,"column":3094}},"15":{"start":{"line":112,"column":8},"end":{"line":112,"column":3277}},"16":{"start":{"line":113,"column":12},"end":{"line":113,"column":3319}},"17":{"start":{"line":124,"column":8},"end":{"line":124,"column":50}},"18":{"start":{"line":133,"column":8},"end":{"line":133,"column":46}}},"branchMap":{"1":{"line":90,"type":"if","locations":[{"start":{"line":90,"column":12},"end":{"line":90,"column":12}},{"start":{"line":90,"column":12},"end":{"line":90,"column":12}}]},"2":{"line":112,"type":"if","locations":[{"start":{"line":112,"column":8},"end":{"line":112,"column":8}},{"start":{"line":112,"column":8},"end":{"line":112,"column":8}}]}}}}